<?xml version="1.0" encoding="UTF-8"?>
<!-- Generated by org.testng.reporters.JUnitReportReporter -->
<testsuite skipped="0" hostname="LAPTOP-I5MPUN7Q" name="com.mystore.testcases.SearchResultPageTest" tests="1" failures="0" timestamp="2022-04-01T15:32:05 IST" time="30.788" errors="0">
  <testcase name="productAvalabiltyTest" time="30.788" classname="com.mystore.testcases.SearchResultPageTest"/>
  <system-out/>
</testsuite> <!-- com.mystore.testcases.SearchResultPageTest -->
