<?xml version="1.0" encoding="UTF-8"?>
<!-- Generated by org.testng.reporters.JUnitReportReporter -->
<testsuite skipped="0" hostname="LAPTOP-I5MPUN7Q" name="com.mystore.testcases.OrderPageTest" tests="1" failures="0" timestamp="2022-04-01T15:32:05 IST" time="31.334" errors="0">
  <testcase name="verifyTotalPrice" time="31.334" classname="com.mystore.testcases.OrderPageTest"/>
  <system-out/>
</testsuite> <!-- com.mystore.testcases.OrderPageTest -->
