<?xml version="1.0" encoding="UTF-8"?>
<!-- Generated by org.testng.reporters.JUnitReportReporter -->
<testsuite skipped="0" hostname="LAPTOP-I5MPUN7Q" name="com.mystore.testcases.LoginPageTest" tests="1" failures="0" timestamp="2022-04-01T15:32:05 IST" time="18.893" errors="0">
  <testcase name="loginTest" time="18.893" classname="com.mystore.testcases.LoginPageTest"/>
  <system-out/>
</testsuite> <!-- com.mystore.testcases.LoginPageTest -->
